Unable to capture context for thread 13292 in process 15676, can not generate back trace
Exception at PC 0x00007FFBD04ABB93
Printing stacktrace...

[0]  [0x00007FFBD04ABB93]
[1]  [0x00007FFBD04ABB93]
[2]  [0x00007FFBD04AB4A1]
[3]  [0x00007FFBD04AB3EF]
[4]  [0x00007FFBD04919FE]
[5]  [0x00007FFBD0490ED1]
[6]  [0x00007FFBD0490D76]
[7]  [0x00007FFBD04379F6]
[8]  [0x00007FFBD0427AFB]
[9]  [0x00007FFBD054E90A]
[10]  [0x00007FFBD0569F87]
[11]  [0x00007FFBD056A05F]
[12] (BaseThreadInitThunk+0x14) [0x00007FFC16752774]
[13] (RtlUserThreadStart+0x21) [0x00007FFC18EE0D51]
Done
Exception at PC 0x00007FFBD01B1A52
Attemped to write at address 0x00007FFC00F3ABA4
Printing stacktrace...

[0]  [0x00007FFBD01B1A52]
[1]  [0x00007FFBD01B1A52]
[2]  [0x00007FFBD01B1AD4]
[3]  [0x00007FFBD02F3FF7]
[4]  [0x00007FFBD01D9128]
[5]  [0x00007FFBD048DFB9]
[6]  [0x00007FFBD065EF23]
[7]  [0x00007FFBD056B06B]
[8]  [0x00007FFBD05608AF]
[9]  [0x00007FFBD0560A32]
[10] (RtlDeactivateActivationContextUnsafeFast+0x1af) [0x00007FFC18E9485F]
[11] (LdrShutdownProcess+0x12c) [0x00007FFC18EBD43C]
[12] (RtlExitUserProcess+0xb4) [0x00007FFC18EBD2F4]
[13] (FatalExit+0xa) [0x00007FFC1675C0DA]
[14] (exit+0x75) [0x00007FFC1850A045]
[15] (initterm_e+0x21d) [0x00007FFC1850A68D]
[16]  [0x00000000004014CD]
[17]  [0x000000000040151B]
[18] (BaseThreadInitThunk+0x14) [0x00007FFC16752774]
[19] (RtlUserThreadStart+0x21) [0x00007FFC18EE0D51]
Done
