Unable to capture context for thread 9488 in process 9520, can not generate back trace
Unable to capture context for thread 13756 in process 9520, can not generate back trace
Exception at PC 0x00007FFF8AB1BB93
Printing stacktrace...

[0]  [0x00007FFF8AB1BB93]
[1]  [0x00007FFF8AB1BB93]
[2]  [0x00007FFF8AB1B4A1]
[3]  [0x00007FFF8AB1B3EF]
[4]  [0x00007FFF8AB019FE]
[5]  [0x00007FFF8AB00ED1]
[6]  [0x00007FFF8AB00D76]
[7]  [0x00007FFF8AAA79F6]
[8]  [0x00007FFF8AA97AFB]
[9]  [0x00007FFF8ABBE90A]
[10]  [0x00007FFF8ABD9F87]
[11]  [0x00007FFF8ABDA05F]
[12] (BaseThreadInitThunk+0x14) [0x00007FFFFC4C2774]
[13] (RtlUserThreadStart+0x21) [0x00007FFFFC9A0D51]
Done
Exception at PC 0x00007FFF8A821A52
Attemped to write at address 0x00007FFFC74CABA4
Printing stacktrace...

[0]  [0x00007FFF8A821A52]
[1]  [0x00007FFF8A821A52]
[2]  [0x00007FFF8A821AD4]
[3]  [0x00007FFF8A963FF7]
[4]  [0x00007FFF8A849128]
[5]  [0x00007FFF8AAFDFB9]
[6]  [0x00007FFF8ACCEF23]
[7]  [0x00007FFF8ABDB06B]
[8]  [0x00007FFF8ABD08AF]
[9]  [0x00007FFF8ABD0A32]
[10] (RtlDeactivateActivationContextUnsafeFast+0x1af) [0x00007FFFFC95485F]
[11] (LdrShutdownProcess+0x12c) [0x00007FFFFC97D43C]
[12] (RtlExitUserProcess+0xb4) [0x00007FFFFC97D2F4]
[13] (FatalExit+0xa) [0x00007FFFFC4CC0DA]
[14] (exit+0x75) [0x00007FFFFC72A045]
[15] (initterm_e+0x21d) [0x00007FFFFC72A68D]
[16]  [0x00000000004014CD]
[17]  [0x000000000040151B]
[18] (BaseThreadInitThunk+0x14) [0x00007FFFFC4C2774]
[19] (RtlUserThreadStart+0x21) [0x00007FFFFC9A0D51]
Done
